<?xml version="1.0" encoding="UTF-8"?>
<testsuite xmlns:xsi="http://www.w3.org/2001/XMLSchema-instance" xsi:noNamespaceSchemaLocation="https://maven.apache.org/surefire/maven-surefire-plugin/xsd/surefire-test-report.xsd" version="3.0.2" name="com.campus.auth.TenantIsolationIntegrationTest" time="32.44" tests="3" errors="0" skipped="0" failures="0">
  <properties>
[...]
</properties>
  <testcase name="testTenantB_Isolation" classname="com.campus.auth.TenantIsolationIntegrationTest" time="2.552">
    <system-out><![CDATA[10:39:31.470 [main] INFO org.springframework.test.context.support.AnnotationConfigContextLoaderUtils -- Could not detect default configuration classes for test class [com.campus.auth.TenantIsolationIntegrationTest]: TenantIsolationIntegrationTest does not declare any static, non-private, non-final, nested classes annotated with @Configuration.
10:39:31.677 [main] INFO org.springframework.boot.test.context.SpringBootTestContextBootstrapper -- Found @SpringBootConfiguration com.campus.auth.AuthServiceApplication for test class com.campus.auth.TenantIsolationIntegrationTest

  .   ____          _            __ _ _
 /\\ / ___'_ __ _ _(_)_ __  __ _ \ \ \ \
( ( )\___ | '_ | '_| | '_ \/ _` | \ \ \ \
 \\/  ___)| |_)| | | | | || (_| |  ) ) ) )
  '  |____| .__|_| |_|_| |_\__, | / / / /
 =========|_|==============|___/=/_/_/_/
 :: Spring Boot ::                (v3.2.5)

2026-06-18T10:39:32.588+05:30  INFO 19888 --- [           main] c.c.auth.TenantIsolationIntegrationTest  : Starting TenantIsolationIntegrationTest using Java 26.0.1 with PID 19888 (started by prabhas in C:\Users\prabhas\OneDrive\Desktop\ai twins\smart-campus\auth-service)
2026-06-18T10:39:32.590+05:30 DEBUG 19888 --- [           main] c.c.auth.TenantIsolationIntegrationTest  : Running with Spring Boot v3.2.5, Spring v6.1.6
2026-06-18T10:39:32.591+05:30  INFO 19888 --- [           main] c.c.auth.TenantIsolationIntegrationTest  : No active profile set, falling back to 1 default profile: "default"
2026-06-18T10:39:34.050+05:30  INFO 19888 --- [           main] .s.d.r.c.RepositoryConfigurationDelegate : Bootstrapping Spring Data JPA repositories in DEFAULT mode.
2026-06-18T10:39:34.193+05:30  INFO 19888 --- [           main] .s.d.r.c.RepositoryConfigurationDelegate : Finished Spring Data repository scanning in 126 ms. Found 1 JPA repository interface.
2026-06-18T10:39:35.498+05:30  INFO 19888 --- [           main] o.hibernate.jpa.internal.util.LogHelper  : HHH000204: Processing PersistenceUnitInfo [name: default]
2026-06-18T10:39:35.683+05:30  INFO 19888 --- [           main] org.hibernate.Version                    : HHH000412: Hibernate ORM core version 6.4.4.Final
2026-06-18T10:39:35.758+05:30  INFO 19888 --- [           main] o.h.c.internal.RegionFactoryInitiator    : HHH000026: Second-level cache disabled
2026-06-18T10:39:36.553+05:30  INFO 19888 --- [           main] o.s.o.j.p.SpringPersistenceUnitInfo      : No LoadTimeWeaver setup: ignoring JPA class transformer
2026-06-18T10:39:36.626+05:30  INFO 19888 --- [           main] com.zaxxer.hikari.HikariDataSource       : HikariPool-1 - Starting...
2026-06-18T10:39:37.050+05:30  INFO 19888 --- [           main] com.zaxxer.hikari.pool.HikariPool        : HikariPool-1 - Added connection conn0: url=jdbc:h2:mem:authdb user=SA
2026-06-18T10:39:37.055+05:30  INFO 19888 --- [           main] com.zaxxer.hikari.HikariDataSource       : HikariPool-1 - Start completed.
2026-06-18T10:39:37.349+05:30  WARN 19888 --- [           main] org.hibernate.orm.deprecation            : HHH90000025: H2Dialect does not need to be specified explicitly using 'hibernate.dialect' (remove the property setting and it will be selected by default)
2026-06-18T10:39:46.502+05:30  INFO 19888 --- [           main] o.h.e.t.j.p.i.JtaPlatformInitiator       : HHH000489: No JTA platform available (set 'hibernate.transaction.jta.platform' to enable JTA platform integration)
2026-06-18T10:39:46.989+05:30 DEBUG 19888 --- [           main] org.hibernate.SQL                        : 
    create table users (
        id bigint generated by default as identity,
        tenant_id varchar(255) not null,
        email varchar(255) not null,
        name varchar(255) not null,
        password varchar(255) not null,
        role varchar(255) not null,
        primary key (id)
    )
Hibernate: 
    create table users (
        id bigint generated by default as identity,
        tenant_id varchar(255) not null,
        email varchar(255) not null,
        name varchar(255) not null,
        password varchar(255) not null,
        role varchar(255) not null,
        primary key (id)
    )
2026-06-18T10:39:47.113+05:30 DEBUG 19888 --- [           main] org.hibernate.SQL                        : 
    alter table if exists users 
       drop constraint if exists UKdms6tsnbugy9927cn4kwci01a
Hibernate: 
    alter table if exists users 
       drop constraint if exists UKdms6tsnbugy9927cn4kwci01a
2026-06-18T10:39:47.118+05:30 DEBUG 19888 --- [           main] org.hibernate.SQL                        : 
    alter table if exists users 
       add constraint UKdms6tsnbugy9927cn4kwci01a unique (email, tenant_id)
Hibernate: 
    alter table if exists users 
       add constraint UKdms6tsnbugy9927cn4kwci01a unique (email, tenant_id)
2026-06-18T10:39:47.149+05:30  INFO 19888 --- [           main] j.LocalContainerEntityManagerFactoryBean : Initialized JPA EntityManagerFactory for persistence unit 'default'
2026-06-18T10:39:55.231+05:30  WARN 19888 --- [           main] JpaBaseConfiguration$JpaWebConfiguration : spring.jpa.open-in-view is enabled by default. Therefore, database queries may be performed during view rendering. Explicitly configure spring.jpa.open-in-view to disable this warning
2026-06-18T10:39:55.425+05:30  WARN 19888 --- [           main] .s.s.UserDetailsServiceAutoConfiguration : 

Using generated security password: a8be0b95-e2a2-40cb-a3e5-72197c7f0bd3

This generated password is for development use only. Your security configuration must be updated before running your application in production.

2026-06-18T10:39:58.266+05:30  INFO 19888 --- [           main] o.s.s.web.DefaultSecurityFilterChain     : Will secure any request with [org.springframework.security.web.session.DisableEncodeUrlFilter@54c17a2b, org.springframework.security.web.context.request.async.WebAsyncManagerIntegrationFilter@16279a5d, org.springframework.security.web.context.SecurityContextHolderFilter@341c0dfc, org.springframework.security.web.header.HeaderWriterFilter@5d56c2d2, org.springframework.web.filter.CorsFilter@1f7949dc, org.springframework.security.web.authentication.logout.LogoutFilter@32084a01, com.campus.common.security.JwtRequestFilter@5737d116, org.springframework.security.web.savedrequest.RequestCacheAwareFilter@507fecf3, org.springframework.security.web.servletapi.SecurityContextHolderAwareRequestFilter@3f1d4ecf, org.springframework.security.web.authentication.AnonymousAuthenticationFilter@6bd8c398, org.springframework.security.web.session.SessionManagementFilter@2e2c9e24, org.springframework.security.web.access.ExceptionTranslationFilter@188b9a1e, org.springframework.security.web.access.intercept.AuthorizationFilter@21251e43]
2026-06-18T10:40:00.242+05:30  INFO 19888 --- [           main] o.s.b.a.h2.H2ConsoleAutoConfiguration    : H2 console available at '/h2-console'. Database available at 'jdbc:h2:mem:authdb'
2026-06-18T10:40:00.778+05:30  INFO 19888 --- [           main] c.c.auth.TenantIsolationIntegrationTest  : Started TenantIsolationIntegrationTest in 28.71 seconds (process running for 30.693)
2026-06-18T10:40:02.426+05:30 DEBUG 19888 --- [           main] c.c.common.multitenancy.TenantContext    : Clearing tenant context: null
2026-06-18T10:40:02.426+05:30 DEBUG 19888 --- [           main] c.c.common.multitenancy.TenantContext    : Setting tenant context: CAMPUS_A
2026-06-18T10:40:02.513+05:30 DEBUG 19888 --- [           main] c.c.c.multitenancy.TenantFilterAspect    : Successfully enabled Hibernate tenantFilter for tenant: CAMPUS_A
2026-06-18T10:40:02.733+05:30 DEBUG 19888 --- [           main] org.hibernate.SQL                        : 
    insert 
    into
        users
        (email, name, password, role, tenant_id, id) 
    values
        (?, ?, ?, ?, ?, default)
Hibernate: 
    insert 
    into
        users
        (email, name, password, role, tenant_id, id) 
    values
        (?, ?, ?, ?, ?, default)
2026-06-18T10:40:02.836+05:30 DEBUG 19888 --- [           main] c.c.common.multitenancy.TenantContext    : Setting tenant context: CAMPUS_B
2026-06-18T10:40:02.837+05:30 DEBUG 19888 --- [           main] c.c.c.multitenancy.TenantFilterAspect    : Successfully enabled Hibernate tenantFilter for tenant: CAMPUS_B
2026-06-18T10:40:02.839+05:30 DEBUG 19888 --- [           main] org.hibernate.SQL                        : 
    insert 
    into
        users
        (email, name, password, role, tenant_id, id) 
    values
        (?, ?, ?, ?, ?, default)
Hibernate: 
    insert 
    into
        users
        (email, name, password, role, tenant_id, id) 
    values
        (?, ?, ?, ?, ?, default)
2026-06-18T10:40:02.842+05:30 DEBUG 19888 --- [           main] c.c.common.multitenancy.TenantContext    : Clearing tenant context: CAMPUS_B
2026-06-18T10:40:02.855+05:30 DEBUG 19888 --- [           main] c.c.common.multitenancy.TenantContext    : Setting tenant context: CAMPUS_B
2026-06-18T10:40:02.860+05:30 DEBUG 19888 --- [           main] c.c.c.multitenancy.TenantFilterAspect    : Successfully enabled Hibernate tenantFilter for tenant: CAMPUS_B
2026-06-18T10:40:03.332+05:30 DEBUG 19888 --- [           main] org.hibernate.SQL                        : 
    select
        u1_0.id,
        u1_0.email,
        u1_0.name,
        u1_0.password,
        u1_0.role,
        u1_0.tenant_id 
    from
        users u1_0 
    where
        u1_0.tenant_id = ?
Hibernate: 
    select
        u1_0.id,
        u1_0.email,
        u1_0.name,
        u1_0.password,
        u1_0.role,
        u1_0.tenant_id 
    from
        users u1_0 
    where
        u1_0.tenant_id = ?
2026-06-18T10:40:03.373+05:30 DEBUG 19888 --- [           main] c.c.common.multitenancy.TenantContext    : Clearing tenant context: CAMPUS_B
]]></system-out>
    <system-err><![CDATA[WARNING: A Java agent has been loaded dynamically (C:\Users\prabhas\.m2\repository\net\bytebuddy\byte-buddy-agent\1.14.13\byte-buddy-agent-1.14.13.jar)
WARNING: If a serviceability tool is in use, please run with -XX:+EnableDynamicAgentLoading to hide this warning
WARNING: If a serviceability tool is not in use, please run with -Djdk.instrument.traceUsage for more information
WARNING: Dynamic loading of agents will be disallowed by default in a future release
]]></system-err>
  </testcase>
  <testcase name="testNoTenant_NoFilterApplied" classname="com.campus.auth.TenantIsolationIntegrationTest" time="0.066">
    <system-out><![CDATA[2026-06-18T10:40:03.493+05:30 DEBUG 19888 --- [           main] c.c.common.multitenancy.TenantContext    : Clearing tenant context: null
2026-06-18T10:40:03.493+05:30 DEBUG 19888 --- [           main] c.c.common.multitenancy.TenantContext    : Setting tenant context: CAMPUS_A
2026-06-18T10:40:03.494+05:30 DEBUG 19888 --- [           main] c.c.c.multitenancy.TenantFilterAspect    : Successfully enabled Hibernate tenantFilter for tenant: CAMPUS_A
2026-06-18T10:40:03.499+05:30 DEBUG 19888 --- [           main] org.hibernate.SQL                        : 
    insert 
    into
        users
        (email, name, password, role, tenant_id, id) 
    values
        (?, ?, ?, ?, ?, default)
Hibernate: 
    insert 
    into
        users
        (email, name, password, role, tenant_id, id) 
    values
        (?, ?, ?, ?, ?, default)
2026-06-18T10:40:03.503+05:30 DEBUG 19888 --- [           main] c.c.common.multitenancy.TenantContext    : Setting tenant context: CAMPUS_B
2026-06-18T10:40:03.503+05:30 DEBUG 19888 --- [           main] c.c.c.multitenancy.TenantFilterAspect    : Successfully enabled Hibernate tenantFilter for tenant: CAMPUS_B
2026-06-18T10:40:03.506+05:30 DEBUG 19888 --- [           main] org.hibernate.SQL                        : 
    insert 
    into
        users
        (email, name, password, role, tenant_id, id) 
    values
        (?, ?, ?, ?, ?, default)
Hibernate: 
    insert 
    into
        users
        (email, name, password, role, tenant_id, id) 
    values
        (?, ?, ?, ?, ?, default)
2026-06-18T10:40:03.508+05:30 DEBUG 19888 --- [           main] c.c.common.multitenancy.TenantContext    : Clearing tenant context: CAMPUS_B
2026-06-18T10:40:03.510+05:30 DEBUG 19888 --- [           main] c.c.common.multitenancy.TenantContext    : Clearing tenant context: null
2026-06-18T10:40:03.511+05:30 DEBUG 19888 --- [           main] c.c.c.multitenancy.TenantFilterAspect    : Disabled Hibernate tenantFilter (no tenant in context)
2026-06-18T10:40:03.516+05:30 DEBUG 19888 --- [           main] org.hibernate.SQL                        : 
    select
        u1_0.id,
        u1_0.email,
        u1_0.name,
        u1_0.password,
        u1_0.role,
        u1_0.tenant_id 
    from
        users u1_0
Hibernate: 
    select
        u1_0.id,
        u1_0.email,
        u1_0.name,
        u1_0.password,
        u1_0.role,
        u1_0.tenant_id 
    from
        users u1_0
2026-06-18T10:40:03.524+05:30 DEBUG 19888 --- [           main] c.c.common.multitenancy.TenantContext    : Clearing tenant context: null
]]></system-out>
  </testcase>
  <testcase name="testTenantA_Isolation" classname="com.campus.auth.TenantIsolationIntegrationTest" time="0.043">
    <system-out><![CDATA[2026-06-18T10:40:03.556+05:30 DEBUG 19888 --- [           main] c.c.common.multitenancy.TenantContext    : Clearing tenant context: null
2026-06-18T10:40:03.557+05:30 DEBUG 19888 --- [           main] c.c.common.multitenancy.TenantContext    : Setting tenant context: CAMPUS_A
2026-06-18T10:40:03.557+05:30 DEBUG 19888 --- [           main] c.c.c.multitenancy.TenantFilterAspect    : Successfully enabled Hibernate tenantFilter for tenant: CAMPUS_A
2026-06-18T10:40:03.559+05:30 DEBUG 19888 --- [           main] org.hibernate.SQL                        : 
    insert 
    into
        users
        (email, name, password, role, tenant_id, id) 
    values
        (?, ?, ?, ?, ?, default)
Hibernate: 
    insert 
    into
        users
        (email, name, password, role, tenant_id, id) 
    values
        (?, ?, ?, ?, ?, default)
2026-06-18T10:40:03.562+05:30 DEBUG 19888 --- [           main] c.c.common.multitenancy.TenantContext    : Setting tenant context: CAMPUS_B
2026-06-18T10:40:03.563+05:30 DEBUG 19888 --- [           main] c.c.c.multitenancy.TenantFilterAspect    : Successfully enabled Hibernate tenantFilter for tenant: CAMPUS_B
2026-06-18T10:40:03.567+05:30 DEBUG 19888 --- [           main] org.hibernate.SQL                        : 
    insert 
    into
        users
        (email, name, password, role, tenant_id, id) 
    values
        (?, ?, ?, ?, ?, default)
Hibernate: 
    insert 
    into
        users
        (email, name, password, role, tenant_id, id) 
    values
        (?, ?, ?, ?, ?, default)
2026-06-18T10:40:03.568+05:30 DEBUG 19888 --- [           main] c.c.common.multitenancy.TenantContext    : Clearing tenant context: CAMPUS_B
2026-06-18T10:40:03.570+05:30 DEBUG 19888 --- [           main] c.c.common.multitenancy.TenantContext    : Setting tenant context: CAMPUS_A
2026-06-18T10:40:03.571+05:30 DEBUG 19888 --- [           main] c.c.c.multitenancy.TenantFilterAspect    : Successfully enabled Hibernate tenantFilter for tenant: CAMPUS_A
2026-06-18T10:40:03.576+05:30 DEBUG 19888 --- [           main] org.hibernate.SQL                        : 
    select
        u1_0.id,
        u1_0.email,
        u1_0.name,
        u1_0.password,
        u1_0.role,
        u1_0.tenant_id 
    from
        users u1_0 
    where
        u1_0.tenant_id = ?
Hibernate: 
    select
        u1_0.id,
        u1_0.email,
        u1_0.name,
        u1_0.password,
        u1_0.role,
        u1_0.tenant_id 
    from
        users u1_0 
    where
        u1_0.tenant_id = ?
2026-06-18T10:40:03.579+05:30 DEBUG 19888 --- [           main] c.c.common.multitenancy.TenantContext    : Clearing tenant context: CAMPUS_A
]]></system-out>
  </testcase>
</testsuite>