<?xml version="1.0" encoding="UTF-8"?>
<testsuite xmlns:xsi="http://www.w3.org/2001/XMLSchema-instance" xsi:noNamespaceSchemaLocation="https://maven.apache.org/surefire/maven-surefire-plugin/xsd/surefire-test-report.xsd" version="3.0.2" name="com.campus.library.LibraryTenantIsolationIntegrationTest" time="38.875" tests="2" errors="0" skipped="0" failures="0">
  <properties>
[...]
</properties>
  <testcase name="testOverdueFineCalculation" classname="com.campus.library.LibraryTenantIsolationIntegrationTest" time="2.912">
    <system-out><![CDATA[10:40:24.987 [main] INFO org.springframework.test.context.support.AnnotationConfigContextLoaderUtils -- Could not detect default configuration classes for test class [com.campus.library.LibraryTenantIsolationIntegrationTest]: LibraryTenantIsolationIntegrationTest does not declare any static, non-private, non-final, nested classes annotated with @Configuration.
10:40:25.189 [main] INFO org.springframework.boot.test.context.SpringBootTestContextBootstrapper -- Found @SpringBootConfiguration com.campus.library.LibraryServiceApplication for test class com.campus.library.LibraryTenantIsolationIntegrationTest

  .   ____          _            __ _ _
 /\\ / ___'_ __ _ _(_)_ __  __ _ \ \ \ \
( ( )\___ | '_ | '_| | '_ \/ _` | \ \ \ \
 \\/  ___)| |_)| | | | | || (_| |  ) ) ) )
  '  |____| .__|_| |_|_| |_\__, | / / / /
 =========|_|==============|___/=/_/_/_/
 :: Spring Boot ::                (v3.2.5)

2026-06-18T10:40:26.159+05:30  INFO 24676 --- [           main] .l.LibraryTenantIsolationIntegrationTest : Starting LibraryTenantIsolationIntegrationTest using Java 26.0.1 with PID 24676 (started by prabhas in C:\Users\prabhas\OneDrive\Desktop\ai twins\smart-campus\library-service)
2026-06-18T10:40:26.160+05:30 DEBUG 24676 --- [           main] .l.LibraryTenantIsolationIntegrationTest : Running with Spring Boot v3.2.5, Spring v6.1.6
2026-06-18T10:40:26.162+05:30  INFO 24676 --- [           main] .l.LibraryTenantIsolationIntegrationTest : No active profile set, falling back to 1 default profile: "default"
2026-06-18T10:40:30.318+05:30  INFO 24676 --- [           main] .s.d.r.c.RepositoryConfigurationDelegate : Bootstrapping Spring Data JPA repositories in DEFAULT mode.
2026-06-18T10:40:30.651+05:30  INFO 24676 --- [           main] .s.d.r.c.RepositoryConfigurationDelegate : Finished Spring Data repository scanning in 291 ms. Found 2 JPA repository interfaces.
2026-06-18T10:40:34.319+05:30  INFO 24676 --- [           main] o.hibernate.jpa.internal.util.LogHelper  : HHH000204: Processing PersistenceUnitInfo [name: default]
2026-06-18T10:40:34.793+05:30  INFO 24676 --- [           main] org.hibernate.Version                    : HHH000412: Hibernate ORM core version 6.4.4.Final
2026-06-18T10:40:34.984+05:30  INFO 24676 --- [           main] o.h.c.internal.RegionFactoryInitiator    : HHH000026: Second-level cache disabled
2026-06-18T10:40:37.642+05:30  INFO 24676 --- [           main] o.s.o.j.p.SpringPersistenceUnitInfo      : No LoadTimeWeaver setup: ignoring JPA class transformer
2026-06-18T10:40:37.856+05:30  INFO 24676 --- [           main] com.zaxxer.hikari.HikariDataSource       : HikariPool-1 - Starting...
2026-06-18T10:40:38.879+05:30  INFO 24676 --- [           main] com.zaxxer.hikari.pool.HikariPool        : HikariPool-1 - Added connection conn0: url=jdbc:h2:mem:librarydb user=SA
2026-06-18T10:40:38.888+05:30  INFO 24676 --- [           main] com.zaxxer.hikari.HikariDataSource       : HikariPool-1 - Start completed.
2026-06-18T10:40:39.114+05:30  WARN 24676 --- [           main] org.hibernate.orm.deprecation            : HHH90000025: H2Dialect does not need to be specified explicitly using 'hibernate.dialect' (remove the property setting and it will be selected by default)
2026-06-18T10:40:46.042+05:30  INFO 24676 --- [           main] o.h.e.t.j.p.i.JtaPlatformInitiator       : HHH000489: No JTA platform available (set 'hibernate.transaction.jta.platform' to enable JTA platform integration)
2026-06-18T10:40:46.425+05:30 DEBUG 24676 --- [           main] org.hibernate.SQL                        : 
    create table book_issues (
        id bigint generated by default as identity,
        tenant_id varchar(255) not null,
        book_id bigint not null,
        due_date date not null,
        fine_amount float(53),
        issue_date date not null,
        return_date date,
        student_id bigint not null,
        primary key (id)
    )
Hibernate: 
    create table book_issues (
        id bigint generated by default as identity,
        tenant_id varchar(255) not null,
        book_id bigint not null,
        due_date date not null,
        fine_amount float(53),
        issue_date date not null,
        return_date date,
        student_id bigint not null,
        primary key (id)
    )
2026-06-18T10:40:46.468+05:30 DEBUG 24676 --- [           main] org.hibernate.SQL                        : 
    create table books (
        id bigint generated by default as identity,
        tenant_id varchar(255) not null,
        author varchar(255) not null,
        available_copies integer not null,
        isbn varchar(255) not null,
        title varchar(255) not null,
        primary key (id)
    )
Hibernate: 
    create table books (
        id bigint generated by default as identity,
        tenant_id varchar(255) not null,
        author varchar(255) not null,
        available_copies integer not null,
        isbn varchar(255) not null,
        title varchar(255) not null,
        primary key (id)
    )
2026-06-18T10:40:46.485+05:30  INFO 24676 --- [           main] j.LocalContainerEntityManagerFactoryBean : Initialized JPA EntityManagerFactory for persistence unit 'default'
2026-06-18T10:40:51.397+05:30  WARN 24676 --- [           main] JpaBaseConfiguration$JpaWebConfiguration : spring.jpa.open-in-view is enabled by default. Therefore, database queries may be performed during view rendering. Explicitly configure spring.jpa.open-in-view to disable this warning
2026-06-18T10:40:51.672+05:30  WARN 24676 --- [           main] .s.s.UserDetailsServiceAutoConfiguration : 

Using generated security password: 2cf7a55d-3932-4caf-a98a-82035dc28c3d

This generated password is for development use only. Your security configuration must be updated before running your application in production.

2026-06-18T10:40:56.090+05:30  INFO 24676 --- [           main] o.s.s.web.DefaultSecurityFilterChain     : Will secure any request with [org.springframework.security.web.session.DisableEncodeUrlFilter@5776a9f8, org.springframework.security.web.context.request.async.WebAsyncManagerIntegrationFilter@6771efaa, org.springframework.security.web.context.SecurityContextHolderFilter@402d76c7, org.springframework.security.web.header.HeaderWriterFilter@14091e24, org.springframework.web.filter.CorsFilter@446fb72e, org.springframework.security.web.authentication.logout.LogoutFilter@33a58fcb, com.campus.common.security.JwtRequestFilter@208185c0, org.springframework.security.web.savedrequest.RequestCacheAwareFilter@1fd77205, org.springframework.security.web.servletapi.SecurityContextHolderAwareRequestFilter@3b9c05f, org.springframework.security.web.authentication.AnonymousAuthenticationFilter@26caf4b6, org.springframework.security.web.session.SessionManagementFilter@45a4587d, org.springframework.security.web.access.ExceptionTranslationFilter@644c3590, org.springframework.security.web.access.intercept.AuthorizationFilter@28b16193]
2026-06-18T10:40:58.484+05:30  INFO 24676 --- [           main] o.s.b.a.h2.H2ConsoleAutoConfiguration    : H2 console available at '/h2-console'. Database available at 'jdbc:h2:mem:librarydb'
2026-06-18T10:40:58.978+05:30  INFO 24676 --- [           main] .l.LibraryTenantIsolationIntegrationTest : Started LibraryTenantIsolationIntegrationTest in 33.369 seconds (process running for 35.306)
2026-06-18T10:41:01.324+05:30 DEBUG 24676 --- [           main] c.c.common.multitenancy.TenantContext    : Clearing tenant context: null
2026-06-18T10:41:01.324+05:30 DEBUG 24676 --- [           main] c.c.common.multitenancy.TenantContext    : Setting tenant context: CAMPUS_A
2026-06-18T10:41:01.358+05:30 DEBUG 24676 --- [           main] c.c.c.multitenancy.TenantFilterAspect    : Successfully enabled Hibernate tenantFilter for tenant: CAMPUS_A
2026-06-18T10:41:01.679+05:30 DEBUG 24676 --- [           main] org.hibernate.SQL                        : 
    insert 
    into
        books
        (author, available_copies, isbn, tenant_id, title, id) 
    values
        (?, ?, ?, ?, ?, default)
Hibernate: 
    insert 
    into
        books
        (author, available_copies, isbn, tenant_id, title, id) 
    values
        (?, ?, ?, ?, ?, default)
2026-06-18T10:41:01.807+05:30 DEBUG 24676 --- [           main] c.c.common.multitenancy.TenantContext    : Setting tenant context: CAMPUS_B
2026-06-18T10:41:01.808+05:30 DEBUG 24676 --- [           main] c.c.c.multitenancy.TenantFilterAspect    : Successfully enabled Hibernate tenantFilter for tenant: CAMPUS_B
2026-06-18T10:41:01.809+05:30 DEBUG 24676 --- [           main] org.hibernate.SQL                        : 
    insert 
    into
        books
        (author, available_copies, isbn, tenant_id, title, id) 
    values
        (?, ?, ?, ?, ?, default)
Hibernate: 
    insert 
    into
        books
        (author, available_copies, isbn, tenant_id, title, id) 
    values
        (?, ?, ?, ?, ?, default)
2026-06-18T10:41:01.814+05:30 DEBUG 24676 --- [           main] c.c.common.multitenancy.TenantContext    : Clearing tenant context: CAMPUS_B
2026-06-18T10:41:01.832+05:30 DEBUG 24676 --- [           main] c.c.common.multitenancy.TenantContext    : Setting tenant context: CAMPUS_A
2026-06-18T10:41:01.841+05:30 DEBUG 24676 --- [           main] c.c.c.multitenancy.TenantFilterAspect    : Successfully enabled Hibernate tenantFilter for tenant: CAMPUS_A
2026-06-18T10:41:01.887+05:30 DEBUG 24676 --- [           main] org.hibernate.SQL                        : 
    insert 
    into
        book_issues
        (book_id, due_date, fine_amount, issue_date, return_date, student_id, tenant_id, id) 
    values
        (?, ?, ?, ?, ?, ?, ?, default)
Hibernate: 
    insert 
    into
        book_issues
        (book_id, due_date, fine_amount, issue_date, return_date, student_id, tenant_id, id) 
    values
        (?, ?, ?, ?, ?, ?, ?, default)
2026-06-18T10:41:01.911+05:30 DEBUG 24676 --- [           main] c.c.c.multitenancy.TenantFilterAspect    : Successfully enabled Hibernate tenantFilter for tenant: CAMPUS_A
2026-06-18T10:41:01.961+05:30 DEBUG 24676 --- [           main] c.c.common.multitenancy.TenantContext    : Clearing tenant context: CAMPUS_A
]]></system-out>
    <system-err><![CDATA[WARNING: A Java agent has been loaded dynamically (C:\Users\prabhas\.m2\repository\net\bytebuddy\byte-buddy-agent\1.14.13\byte-buddy-agent-1.14.13.jar)
WARNING: If a serviceability tool is in use, please run with -XX:+EnableDynamicAgentLoading to hide this warning
WARNING: If a serviceability tool is not in use, please run with -Djdk.instrument.traceUsage for more information
WARNING: Dynamic loading of agents will be disallowed by default in a future release
]]></system-err>
  </testcase>
  <testcase name="testTenantIsolation_InventoryAndLending" classname="com.campus.library.LibraryTenantIsolationIntegrationTest" time="1.403">
    <system-out><![CDATA[2026-06-18T10:41:02.110+05:30 DEBUG 24676 --- [           main] c.c.common.multitenancy.TenantContext    : Clearing tenant context: null
2026-06-18T10:41:02.111+05:30 DEBUG 24676 --- [           main] c.c.common.multitenancy.TenantContext    : Setting tenant context: CAMPUS_A
2026-06-18T10:41:02.120+05:30 DEBUG 24676 --- [           main] c.c.c.multitenancy.TenantFilterAspect    : Successfully enabled Hibernate tenantFilter for tenant: CAMPUS_A
2026-06-18T10:41:02.124+05:30 DEBUG 24676 --- [           main] org.hibernate.SQL                        : 
    insert 
    into
        books
        (author, available_copies, isbn, tenant_id, title, id) 
    values
        (?, ?, ?, ?, ?, default)
Hibernate: 
    insert 
    into
        books
        (author, available_copies, isbn, tenant_id, title, id) 
    values
        (?, ?, ?, ?, ?, default)
2026-06-18T10:41:02.126+05:30 DEBUG 24676 --- [           main] c.c.common.multitenancy.TenantContext    : Setting tenant context: CAMPUS_B
2026-06-18T10:41:02.128+05:30 DEBUG 24676 --- [           main] c.c.c.multitenancy.TenantFilterAspect    : Successfully enabled Hibernate tenantFilter for tenant: CAMPUS_B
2026-06-18T10:41:02.132+05:30 DEBUG 24676 --- [           main] org.hibernate.SQL                        : 
    insert 
    into
        books
        (author, available_copies, isbn, tenant_id, title, id) 
    values
        (?, ?, ?, ?, ?, default)
Hibernate: 
    insert 
    into
        books
        (author, available_copies, isbn, tenant_id, title, id) 
    values
        (?, ?, ?, ?, ?, default)
2026-06-18T10:41:02.136+05:30 DEBUG 24676 --- [           main] c.c.common.multitenancy.TenantContext    : Clearing tenant context: CAMPUS_B
2026-06-18T10:41:02.137+05:30 DEBUG 24676 --- [           main] c.c.common.multitenancy.TenantContext    : Setting tenant context: CAMPUS_A
2026-06-18T10:41:02.138+05:30 DEBUG 24676 --- [           main] c.c.c.multitenancy.TenantFilterAspect    : Successfully enabled Hibernate tenantFilter for tenant: CAMPUS_A
2026-06-18T10:41:03.127+05:30 DEBUG 24676 --- [           main] org.hibernate.SQL                        : 
    select
        b1_0.id,
        b1_0.author,
        b1_0.available_copies,
        b1_0.isbn,
        b1_0.tenant_id,
        b1_0.title 
    from
        books b1_0 
    where
        b1_0.tenant_id = ?
Hibernate: 
    select
        b1_0.id,
        b1_0.author,
        b1_0.available_copies,
        b1_0.isbn,
        b1_0.tenant_id,
        b1_0.title 
    from
        books b1_0 
    where
        b1_0.tenant_id = ?
2026-06-18T10:41:03.176+05:30 DEBUG 24676 --- [           main] c.c.c.multitenancy.TenantFilterAspect    : Successfully enabled Hibernate tenantFilter for tenant: CAMPUS_A
2026-06-18T10:41:03.182+05:30 DEBUG 24676 --- [           main] org.hibernate.SQL                        : 
    insert 
    into
        book_issues
        (book_id, due_date, fine_amount, issue_date, return_date, student_id, tenant_id, id) 
    values
        (?, ?, ?, ?, ?, ?, ?, default)
Hibernate: 
    insert 
    into
        book_issues
        (book_id, due_date, fine_amount, issue_date, return_date, student_id, tenant_id, id) 
    values
        (?, ?, ?, ?, ?, ?, ?, default)
2026-06-18T10:41:03.189+05:30 DEBUG 24676 --- [           main] c.c.c.multitenancy.TenantFilterAspect    : Successfully enabled Hibernate tenantFilter for tenant: CAMPUS_A
2026-06-18T10:41:03.194+05:30 DEBUG 24676 --- [           main] c.c.c.multitenancy.TenantFilterAspect    : Successfully enabled Hibernate tenantFilter for tenant: CAMPUS_A
2026-06-18T10:41:03.275+05:30 DEBUG 24676 --- [           main] c.c.common.multitenancy.TenantContext    : Setting tenant context: CAMPUS_B
2026-06-18T10:41:03.280+05:30 DEBUG 24676 --- [           main] c.c.c.multitenancy.TenantFilterAspect    : Successfully enabled Hibernate tenantFilter for tenant: CAMPUS_B
2026-06-18T10:41:03.367+05:30 DEBUG 24676 --- [           main] org.hibernate.SQL                        : 
    update
        books 
    set
        author=?,
        available_copies=?,
        isbn=?,
        title=? 
    where
        id=?
Hibernate: 
    update
        books 
    set
        author=?,
        available_copies=?,
        isbn=?,
        title=? 
    where
        id=?
2026-06-18T10:41:03.405+05:30 DEBUG 24676 --- [           main] org.hibernate.SQL                        : 
    select
        b1_0.id,
        b1_0.author,
        b1_0.available_copies,
        b1_0.isbn,
        b1_0.tenant_id,
        b1_0.title 
    from
        books b1_0 
    where
        b1_0.tenant_id = ?
Hibernate: 
    select
        b1_0.id,
        b1_0.author,
        b1_0.available_copies,
        b1_0.isbn,
        b1_0.tenant_id,
        b1_0.title 
    from
        books b1_0 
    where
        b1_0.tenant_id = ?
2026-06-18T10:41:03.412+05:30 DEBUG 24676 --- [           main] c.c.c.multitenancy.TenantFilterAspect    : Successfully enabled Hibernate tenantFilter for tenant: CAMPUS_B
2026-06-18T10:41:03.429+05:30 DEBUG 24676 --- [           main] org.hibernate.SQL                        : 
    select
        bi1_0.id,
        bi1_0.book_id,
        bi1_0.due_date,
        bi1_0.fine_amount,
        bi1_0.issue_date,
        bi1_0.return_date,
        bi1_0.student_id,
        bi1_0.tenant_id 
    from
        book_issues bi1_0 
    where
        bi1_0.tenant_id = ?
Hibernate: 
    select
        bi1_0.id,
        bi1_0.book_id,
        bi1_0.due_date,
        bi1_0.fine_amount,
        bi1_0.issue_date,
        bi1_0.return_date,
        bi1_0.student_id,
        bi1_0.tenant_id 
    from
        book_issues bi1_0 
    where
        bi1_0.tenant_id = ?
2026-06-18T10:41:03.450+05:30 DEBUG 24676 --- [           main] c.c.common.multitenancy.TenantContext    : Clearing tenant context: CAMPUS_B
]]></system-out>
  </testcase>
</testsuite>